

HI-TECH Software PIC PRO Macro Assembler V9.83 build 10920 
                                                                                               Thu Dec 23 09:18:57 2021

HI-TECH Software Omniscient Code Generator (PRO mode) build 10920
     1                           	processor	16F886
     2                           	opt	pw 120
     3                           	opt	pm
     4                           	psect	config,global,class=CONFIG,delta=2
     5                           	psect	text261,local,class=CODE,delta=2
     6                           	psect	cinit,global,class=CODE,delta=2
     7                           	psect	bssBANK0,global,class=BANK0,space=1,delta=1
     8                           	psect	cstackCOMMON,global,class=COMMON,space=1,delta=1
     9                           	psect	maintext,global,class=CODE,delta=2
    10                           	psect	text262,local,class=CODE,delta=2
    11                           	psect	text263,local,class=CODE,delta=2
    12                           	psect	text264,local,class=CODE,delta=2
    13                           	psect	text272,local,class=CODE,delta=2
    14                           	psect	intentry,global,class=CODE,delta=2
    15                           	psect	text273,local,class=CODE,delta=2
    16                           	psect	pa_nodes,global,class=CODE,delta=2
    17                           	dabs	1,0x7E,2
    18  000A                     	;#
    19                           
    20                           	psect	config
    21  2007  EB04               	dw	60164	;#
    22  2008  FFFF               	dw	65535	;#
    23                           
    24                           	psect	text261
    25  0000                     __ptext261:	
    26  001F                     _ADCON0	set	31
    27  0017                     _CCP1CON	set	23
    28  001D                     _CCP2CON	set	29
    29  0005                     _PORTA	set	5
    30  0006                     _PORTB	set	6
    31  0007                     _PORTC	set	7
    32  0001                     _TMR0	set	1
    33  000F                     _TMR1H	set	15
    34  000E                     _TMR1L	set	14
    35  0011                     _TMR2	set	17
    36  00FA                     _CHS0	set	250
    37  00FB                     _CHS1	set	251
    38  00FC                     _CHS2	set	252
    39  00FD                     _CHS3	set	253
    40  005F                     _GIE	set	95
    41  005C                     _INTE	set	92
    42  0059                     _INTF	set	89
    43  005E                     _PEIE	set	94
    44  005B                     _RBIE	set	91
    45  0058                     _RBIF	set	88
    46  005D                     _T0IE	set	93
    47  005A                     _T0IF	set	90
    48  0084                     _T1CKPS0	set	132
    49  0085                     _T1CKPS1	set	133
    50  0083                     _T1OSCEN	set	131
    51  0090                     _T2CKPS0	set	144
    52  0091                     _T2CKPS1	set	145
    53  005D                     _TMR0IE	set	93
    54  005A                     _TMR0IF	set	90
    55  0081                     _TMR1CS	set	129
    56  0080                     _TMR1ON	set	128
    57  0092                     _TMR2ON	set	146
    58  0093                     _TOUTPS0	set	147
    59  0094                     _TOUTPS1	set	148
    60  0095                     _TOUTPS2	set	149
    61  0096                     _TOUTPS3	set	150
    62  0082                     _nT1SYNC	set	130
    63  009F                     _ADCON1	set	159
    64  008F                     _OSCCON	set	143
    65  0085                     _TRISA	set	133
    66  0086                     _TRISB	set	134
    67  0087                     _TRISC	set	135
    68  0095                     _WPUB	set	149
    69  0462                     _CCP1IE	set	1122
    70  0468                     _CCP2IE	set	1128
    71  040E                     _INTEDG	set	1038
    72  0408                     _PS0	set	1032
    73  0409                     _PS1	set	1033
    74  040A                     _PS2	set	1034
    75  040B                     _PSA	set	1035
    76  040D                     _T0CS	set	1037
    77  040C                     _T0SE	set	1036
    78  0460                     _TMR1IE	set	1120
    79  0461                     _TMR2IE	set	1121
    80  04FC                     _VCFG0	set	1276
    81  04FD                     _VCFG1	set	1277
    82  040F                     _nRBPU	set	1039
    83  0107                     _CM1CON0	set	263
    84  0108                     _CM2CON0	set	264
    85  0188                     _ANSEL	set	392
    86  0189                     _ANSELH	set	393
    87                           
    88                           	psect	cinit
    89  010C                     start_initialization:	
    90                           
    91                           ; Clear objects allocated to BANK0
    92  010C  01A0               	clrf	__pbssBANK0& (0+127)
    93  010D  01A1               	clrf	(__pbssBANK0+1)& (0+127)
    94  010E  01A2               	clrf	(__pbssBANK0+2)& (0+127)
    95  010F  01A3               	clrf	(__pbssBANK0+3)& (0+127)
    96  0110  01A4               	clrf	(__pbssBANK0+4)& (0+127)
    97  0111  01A5               	clrf	(__pbssBANK0+5)& (0+127)
    98  0112  01A6               	clrf	(__pbssBANK0+6)& (0+127)
    99  0113  01A7               	clrf	(__pbssBANK0+7)& (0+127)
   100  0114  01A8               	clrf	(__pbssBANK0+8)& (0+127)
   101  0115  01A9               	clrf	(__pbssBANK0+9)& (0+127)
   102  0116                     end_of_initialization:	
   103                           ;End of C runtime variable initialization code
   104                           
   105  0116  0183               	clrf	3
   106  0117  120A  118A  28E4   	ljmp	_main	;jump to C main() function
   107                           
   108                           	psect	bssBANK0
   109  0020                     __pbssBANK0:	
   110  0020                     _controlCPU:	
   111  0020                     	ds	10
   112                           
   113                           	psect	cstackCOMMON
   114  0070                     __pcstackCOMMON:	
   115  0070                     ?_configPorts:	
   116  0070                     ?_configInterrupts:	
   117                           ; 0 bytes @ 0x0
   118                           
   119  0070                     ?_configTimers:	
   120                           ; 0 bytes @ 0x0
   121                           
   122  0070                     ?_configADC:	
   123                           ; 0 bytes @ 0x0
   124                           
   125  0070                     ?_configCCP:	
   126                           ; 0 bytes @ 0x0
   127                           
   128  0070                     ?_configComparadores:	
   129                           ; 0 bytes @ 0x0
   130                           
   131  0070                     ?_configOscilador:	
   132                           ; 0 bytes @ 0x0
   133                           
   134  0070                     ?_configDevice:	
   135                           ; 0 bytes @ 0x0
   136                           
   137  0070                     ?_controlTiempos:	
   138                           ; 0 bytes @ 0x0
   139                           
   140  0070                     ?_leerEntradasB:	
   141                           ; 0 bytes @ 0x0
   142                           
   143  0070                     ?_interrupciones:	
   144                           ; 0 bytes @ 0x0
   145                           
   146  0070                     ??_interrupciones:	
   147                           ; 0 bytes @ 0x0
   148                           
   149  0070                     ?_main:	
   150                           ; 0 bytes @ 0x0
   151                           
   152                           
   153                           ; 0 bytes @ 0x0
   154  0070                     	ds	2
   155  0072                     ??_configPorts:	
   156  0072                     ??_configInterrupts:	
   157                           ; 0 bytes @ 0x2
   158                           
   159  0072                     ??_configTimers:	
   160                           ; 0 bytes @ 0x2
   161                           
   162  0072                     ??_configADC:	
   163                           ; 0 bytes @ 0x2
   164                           
   165  0072                     ??_configCCP:	
   166                           ; 0 bytes @ 0x2
   167                           
   168  0072                     ??_configComparadores:	
   169                           ; 0 bytes @ 0x2
   170                           
   171  0072                     ??_configOscilador:	
   172                           ; 0 bytes @ 0x2
   173                           
   174  0072                     ??_configDevice:	
   175                           ; 0 bytes @ 0x2
   176                           
   177  0072                     ??_controlTiempos:	
   178                           ; 0 bytes @ 0x2
   179                           
   180  0072                     ??_leerEntradasB:	
   181                           ; 0 bytes @ 0x2
   182                           
   183  0072                     controlTiempos@this:	
   184                           ; 0 bytes @ 0x2
   185                           
   186  0072                     leerEntradasB@diferencia:	
   187                           ; 1 bytes @ 0x2
   188                           
   189                           
   190                           ; 1 bytes @ 0x2
   191  0072                     	ds	1
   192  0073                     leerEntradasB@auxiliarLectura:	
   193                           
   194                           ; 1 bytes @ 0x3
   195  0073                     	ds	1
   196  0074                     leerEntradasB@this:	
   197                           
   198                           ; 1 bytes @ 0x4
   199  0074                     	ds	1
   200  0075                     ??_main:	
   201                           
   202                           	psect	maintext
   203  00E4                     __pmaintext:	
   204                           ; 0 bytes @ 0x5
   205 ;;Data sizes: Strings 0, constant 0, data 0, bss 10, persistent 0 stack 0
   206 ;;Auto spaces:   Size  Autos    Used
   207 ;; COMMON          14      5       5
   208 ;; BANK0           80      0      10
   209 ;; BANK1           80      0       0
   210 ;; BANK3           96      0       0
   211 ;; BANK2           96      0       0
   212 ;;
   213 ;; Pointer list with targets:
   214 ;; leerEntradasB@this	PTR struct . size(1) Largest target is 10
   215 ;;		 -> controlCPU(BANK0[10]), 
   216 ;;
   217 ;; controlTiempos@this	PTR struct . size(1) Largest target is 10
   218 ;;		 -> controlCPU(BANK0[10]), 
   219 ;;
   220 ;;
   221 ;; Critical Paths under _main in COMMON
   222 ;;
   223 ;;   _main->_leerEntradasB
   224 ;;
   225 ;; Critical Paths under _interrupciones in COMMON
   226 ;;
   227 ;;   None.
   228 ;;
   229 ;; Critical Paths under _main in BANK0
   230 ;;
   231 ;;   None.
   232 ;;
   233 ;; Critical Paths under _interrupciones in BANK0
   234 ;;
   235 ;;   None.
   236 ;;
   237 ;; Critical Paths under _main in BANK1
   238 ;;
   239 ;;   None.
   240 ;;
   241 ;; Critical Paths under _interrupciones in BANK1
   242 ;;
   243 ;;   None.
   244 ;;
   245 ;; Critical Paths under _main in BANK3
   246 ;;
   247 ;;   None.
   248 ;;
   249 ;; Critical Paths under _interrupciones in BANK3
   250 ;;
   251 ;;   None.
   252 ;;
   253 ;; Critical Paths under _main in BANK2
   254 ;;
   255 ;;   None.
   256 ;;
   257 ;; Critical Paths under _interrupciones in BANK2
   258 ;;
   259 ;;   None.
   260 ;;
   261 ;;Main: autosize = 0, tempsize = 0, incstack = 0, save=0
   262 ;;
   263 ;;
   264 ;;Call Graph Tables:
   265 ;;
   266 ;; ---------------------------------------------------------------------------------
   267 ;; (Depth) Function   	        Calls       Base Space   Used Autos Params    Refs
   268 ;; ---------------------------------------------------------------------------------
   269 ;; (0) _main                                                 0     0      0     555
   270 ;;                       _configDevice
   271 ;;                     _controlTiempos
   272 ;;                      _leerEntradasB
   273 ;; ---------------------------------------------------------------------------------
   274 ;; (1) _configDevice                                         0     0      0       0
   275 ;;                        _configPorts
   276 ;;                   _configInterrupts
   277 ;;                       _configTimers
   278 ;;                          _configADC
   279 ;;                          _configCCP
   280 ;;                 _configComparadores
   281 ;;                    _configOscilador
   282 ;; ---------------------------------------------------------------------------------
   283 ;; (1) _leerEntradasB                                        3     3      0     379
   284 ;;                                              2 COMMON     3     3      0
   285 ;; ---------------------------------------------------------------------------------
   286 ;; (1) _controlTiempos                                       1     1      0     176
   287 ;;                                              2 COMMON     1     1      0
   288 ;; ---------------------------------------------------------------------------------
   289 ;; (2) _configOscilador                                      0     0      0       0
   290 ;; ---------------------------------------------------------------------------------
   291 ;; (2) _configComparadores                                   0     0      0       0
   292 ;; ---------------------------------------------------------------------------------
   293 ;; (2) _configCCP                                            0     0      0       0
   294 ;; ---------------------------------------------------------------------------------
   295 ;; (2) _configADC                                            0     0      0       0
   296 ;; ---------------------------------------------------------------------------------
   297 ;; (2) _configTimers                                         0     0      0       0
   298 ;; ---------------------------------------------------------------------------------
   299 ;; (2) _configInterrupts                                     0     0      0       0
   300 ;; ---------------------------------------------------------------------------------
   301 ;; (2) _configPorts                                          0     0      0       0
   302 ;; ---------------------------------------------------------------------------------
   303 ;; Estimated maximum stack depth 2
   304 ;; ---------------------------------------------------------------------------------
   305 ;; (Depth) Function   	        Calls       Base Space   Used Autos Params    Refs
   306 ;; ---------------------------------------------------------------------------------
   307 ;; (3) _interrupciones                                       2     2      0       0
   308 ;;                                              0 COMMON     2     2      0
   309 ;; ---------------------------------------------------------------------------------
   310 ;; Estimated maximum stack depth 3
   311 ;; ---------------------------------------------------------------------------------
   312 ;; Call Graph Graphs:
   313 ;; _main (ROOT)
   314 ;;   _configDevice
   315 ;;     _configPorts
   316 ;;     _configInterrupts
   317 ;;     _configTimers
   318 ;;     _configADC
   319 ;;     _configCCP
   320 ;;     _configComparadores
   321 ;;     _configOscilador
   322 ;;   _controlTiempos
   323 ;;   _leerEntradasB
   324 ;;
   325 ;; _interrupciones (ROOT)
   326 ;;
   327 ;; Address spaces:
   328 ;;Name               Size   Autos  Total    Cost      Usage
   329 ;;BITCOMMON            E      0       0       0        0.0%
   330 ;;EEDATA             100      0       0       0        0.0%
   331 ;;NULL                 0      0       0       0        0.0%
   332 ;;CODE                 0      0       0       0        0.0%
   333 ;;COMMON               E      5       5       1       35.7%
   334 ;;BITSFR0              0      0       0       1        0.0%
   335 ;;SFR0                 0      0       0       1        0.0%
   336 ;;BITSFR1              0      0       0       2        0.0%
   337 ;;SFR1                 0      0       0       2        0.0%
   338 ;;STACK                0      0       2       2        0.0%
   339 ;;ABS                  0      0       F       3        0.0%
   340 ;;BITBANK0            50      0       0       4        0.0%
   341 ;;BITSFR3              0      0       0       4        0.0%
   342 ;;SFR3                 0      0       0       4        0.0%
   343 ;;BANK0               50      0       A       5       12.5%
   344 ;;BITSFR2              0      0       0       5        0.0%
   345 ;;SFR2                 0      0       0       5        0.0%
   346 ;;BITBANK1            50      0       0       6        0.0%
   347 ;;BANK1               50      0       0       7        0.0%
   348 ;;BITBANK3            60      0       0       8        0.0%
   349 ;;BANK3               60      0       0       9        0.0%
   350 ;;BITBANK2            60      0       0      10        0.0%
   351 ;;BANK2               60      0       0      11        0.0%
   352 ;;DATA                 0      0      11      12        0.0%
   353                           
   354                           
   355 ;; *************** function _main *****************
   356 ;; Defined at:
   357 ;;		line 30 in file "../main.c"
   358 ;; Parameters:    Size  Location     Type
   359 ;;		None
   360 ;; Auto vars:     Size  Location     Type
   361 ;;		None
   362 ;; Return value:  Size  Location     Type
   363 ;;		None               void
   364 ;; Registers used:
   365 ;;		wreg, fsr0l, fsr0h, status,2, status,0, pclath, cstack
   366 ;; Tracked objects:
   367 ;;		On entry : 17F/0
   368 ;;		On exit  : 17F/0
   369 ;;		Unchanged: FFE80/0
   370 ;; Data sizes:     COMMON   BANK0   BANK1   BANK3   BANK2
   371 ;;      Params:         0       0       0       0       0
   372 ;;      Locals:         0       0       0       0       0
   373 ;;      Temps:          0       0       0       0       0
   374 ;;      Totals:         0       0       0       0       0
   375 ;;Total ram usage:        0 bytes
   376 ;; Hardware stack levels required when called:    3
   377 ;; This function calls:
   378 ;;		_configDevice
   379 ;;		_controlTiempos
   380 ;;		_leerEntradasB
   381 ;; This function is called by:
   382 ;;		Startup code after reset
   383 ;; This function uses a non-reentrant model
   384 ;;
   385  00E4                     _main:	
   386                           
   387                           ;main.c: 32: configDevice();
   388                           
   389                           ; Regs used in _main: [wreg-fsr0h+status,2+status,0+pclath+cstack]
   390  00E4  120A  118A  200F   	fcall	_configDevice
      +       120A  118A         
   391  00E9                     l4578:	
   392                           
   393                           ;main.c: 35: {
   394                           ;main.c: 37: if (controlCPU.systemFlags.inteTimer0)
   395  00E9  1283               	bcf	3,5	;RP0=0, select bank0
   396  00EA  1C21               	btfss	_controlCPU+1,0
   397  00EB  28F2               	goto	l4582
   398                           
   399                           ;main.c: 38: {
   400                           ;main.c: 39: controlTiempos(&controlCPU);
   401  00EC  3020               	movlw	_controlCPU& (0+255)
   402  00ED  120A  118A  20BD   	fcall	_controlTiempos
      +       120A  118A         
   403  00F2                     l4582:	
   404                           
   405                           ;main.c: 40: }
   406                           ;main.c: 42: if (controlCPU.systemFlags.leerEntradas)
   407  00F2  1CA1               	btfss	_controlCPU+1,1
   408  00F3  28E9               	goto	l4578
   409  00F4  3020               	movlw	_controlCPU& (0+255)
   410                           
   411                           ;main.c: 43: {
   412                           ;main.c: 44: controlCPU.systemFlags.leerEntradas = 0;
   413  00F5  10A1               	bcf	_controlCPU+1,1
   414                           
   415                           ;main.c: 45: leerEntradasB(&controlCPU);
   416  00F6  120A  118A  207D   	fcall	_leerEntradasB
      +       120A  118A         
   417  00FB  28E9               	goto	l4578
   418  00FC                     __end_of_main:	
   419                           
   420                           	psect	text262
   421  000F                     __ptext262:	
   422 ;; =============== function _main ends ============
   423                           
   424                           
   425 ;; *************** function _configDevice *****************
   426 ;; Defined at:
   427 ;;		line 4 in file "../config.c"
   428 ;; Parameters:    Size  Location     Type
   429 ;;		None
   430 ;; Auto vars:     Size  Location     Type
   431 ;;		None
   432 ;; Return value:  Size  Location     Type
   433 ;;		None               void
   434 ;; Registers used:
   435 ;;		wreg, status,2, status,0, pclath, cstack
   436 ;; Tracked objects:
   437 ;;		On entry : 17F/0
   438 ;;		On exit  : 17F/20
   439 ;;		Unchanged: FFE80/0
   440 ;; Data sizes:     COMMON   BANK0   BANK1   BANK3   BANK2
   441 ;;      Params:         0       0       0       0       0
   442 ;;      Locals:         0       0       0       0       0
   443 ;;      Temps:          0       0       0       0       0
   444 ;;      Totals:         0       0       0       0       0
   445 ;;Total ram usage:        0 bytes
   446 ;; Hardware stack levels used:    1
   447 ;; Hardware stack levels required when called:    2
   448 ;; This function calls:
   449 ;;		_configPorts
   450 ;;		_configInterrupts
   451 ;;		_configTimers
   452 ;;		_configADC
   453 ;;		_configCCP
   454 ;;		_configComparadores
   455 ;;		_configOscilador
   456 ;; This function is called by:
   457 ;;		_main
   458 ;; This function uses a non-reentrant model
   459 ;;
   460  000F                     _configDevice:	
   461                           
   462                           ;config.c: 5: configPorts();
   463                           
   464                           ; Regs used in _configDevice: [wreg+status,2+status,0+pclath+cstack]
   465  000F  2022  120A  118A   	fcall	_configPorts
   466                           
   467                           ;config.c: 6: configInterrupts();
   468  0012  2037  120A  118A   	fcall	_configInterrupts
   469                           
   470                           ;config.c: 7: configTimers();
   471  0015  2041  120A  118A   	fcall	_configTimers
   472                           
   473                           ;config.c: 8: configADC();
   474  0018  2061  120A  118A   	fcall	_configADC
   475                           
   476                           ;config.c: 9: configCCP();
   477  001B  206D  120A  118A   	fcall	_configCCP
   478                           
   479                           ;config.c: 10: configComparadores();
   480  001E  2074  120A  118A   	fcall	_configComparadores
   481                           
   482                           ;config.c: 11: configOscilador();
   483  0021  2878               	ljmp	l4508
   484  0022                     __end_of_configDevice:	
   485  0022                     __ptext271:	
   486 ;; =============== function _configInterrupts ends ============
   487                           
   488                           
   489 ;; *************** function _configPorts *****************
   490 ;; Defined at:
   491 ;;		line 15 in file "../config.c"
   492 ;; Parameters:    Size  Location     Type
   493 ;;		None
   494 ;; Auto vars:     Size  Location     Type
   495 ;;		None
   496 ;; Return value:  Size  Location     Type
   497 ;;		None               void
   498 ;; Registers used:
   499 ;;		wreg, status,2
   500 ;; Tracked objects:
   501 ;;		On entry : 17F/0
   502 ;;		On exit  : 17F/20
   503 ;;		Unchanged: FFE80/0
   504 ;; Data sizes:     COMMON   BANK0   BANK1   BANK3   BANK2
   505 ;;      Params:         0       0       0       0       0
   506 ;;      Locals:         0       0       0       0       0
   507 ;;      Temps:          0       0       0       0       0
   508 ;;      Totals:         0       0       0       0       0
   509 ;;Total ram usage:        0 bytes
   510 ;; Hardware stack levels used:    1
   511 ;; Hardware stack levels required when called:    1
   512 ;; This function calls:
   513 ;;		Nothing
   514 ;; This function is called by:
   515 ;;		_configDevice
   516 ;; This function uses a non-reentrant model
   517 ;;
   518  0022                     _configPorts:	
   519                           
   520                           ;config.c: 18: PORTA = 0x00;
   521                           
   522                           ; Regs used in _configPorts: [wreg+status,2]
   523  0022  0185               	clrf	5	;volatile
   524                           
   525                           ;config.c: 19: TRISA = 0b00000000;
   526  0023  1683               	bsf	3,5	;RP0=1, select bank1
   527  0024  0185               	clrf	5	;volatile
   528                           
   529                           ;config.c: 20: ANSEL = 0x00;
   530  0025  1703               	bsf	3,6	;RP1=1, select bank3
   531  0026  0188               	clrf	8	;volatile
   532                           
   533                           ;config.c: 21: ANSELH = 0x00;
   534  0027  0189               	clrf	9	;volatile
   535                           
   536                           ;config.c: 24: PORTB = 0x00;
   537  0028  1283               	bcf	3,5	;RP0=0, select bank0
   538  0029  1303               	bcf	3,6	;RP1=0, select bank0
   539  002A  0186               	clrf	6	;volatile
   540                           
   541                           ;config.c: 25: TRISB = 0b10011111;
   542  002B  309F               	movlw	159
   543  002C  1683               	bsf	3,5	;RP0=1, select bank1
   544  002D  0086               	movwf	6	;volatile
   545  002E  30FF               	movlw	255
   546                           
   547                           ;config.c: 26: nRBPU = 1;
   548  002F  1781               	bsf	1,7
   549                           
   550                           ;config.c: 30: WPUB = 0xFF;
   551                           
   552                           ;config.c: 27: if (0 == 1)
   553  0030  0095               	movwf	21	;volatile
   554                           
   555                           ;config.c: 34: PORTC = 0x00;
   556  0031  1283               	bcf	3,5	;RP0=0, select bank0
   557  0032  0187               	clrf	7	;volatile
   558                           
   559                           ;config.c: 35: TRISC = 0b00000111;
   560  0033  3007               	movlw	7
   561  0034  1683               	bsf	3,5	;RP0=1, select bank1
   562  0035  0087               	movwf	7	;volatile
   563  0036  0008               	return
   564  0037                     __end_of_configPorts:	
   565  0037                     __ptext270:	
   566 ;; =============== function _configTimers ends ============
   567                           
   568                           
   569 ;; *************** function _configInterrupts *****************
   570 ;; Defined at:
   571 ;;		line 39 in file "../config.c"
   572 ;; Parameters:    Size  Location     Type
   573 ;;		None
   574 ;; Auto vars:     Size  Location     Type
   575 ;;		None
   576 ;; Return value:  Size  Location     Type
   577 ;;		None               void
   578 ;; Registers used:
   579 ;;		None
   580 ;; Tracked objects:
   581 ;;		On entry : 17F/20
   582 ;;		On exit  : 17F/20
   583 ;;		Unchanged: FFE80/0
   584 ;; Data sizes:     COMMON   BANK0   BANK1   BANK3   BANK2
   585 ;;      Params:         0       0       0       0       0
   586 ;;      Locals:         0       0       0       0       0
   587 ;;      Temps:          0       0       0       0       0
   588 ;;      Totals:         0       0       0       0       0
   589 ;;Total ram usage:        0 bytes
   590 ;; Hardware stack levels used:    1
   591 ;; Hardware stack levels required when called:    1
   592 ;; This function calls:
   593 ;;		Nothing
   594 ;; This function is called by:
   595 ;;		_configDevice
   596 ;; This function uses a non-reentrant model
   597 ;;
   598  0037                     _configInterrupts:	
   599                           
   600                           ;config.c: 40: GIE = 1;
   601                           
   602                           ; Regs used in _configInterrupts: []
   603  0037  178B               	bsf	11,7
   604                           
   605                           ;config.c: 41: PEIE = 0;
   606  0038  130B               	bcf	11,6
   607                           
   608                           ;config.c: 42: T0IE = 1;
   609  0039  168B               	bsf	11,5
   610                           
   611                           ;config.c: 43: INTE = 0;
   612  003A  120B               	bcf	11,4
   613                           
   614                           ;config.c: 44: RBIE = 0;
   615  003B  118B               	bcf	11,3
   616                           
   617                           ;config.c: 45: T0IF = 0;
   618  003C  110B               	bcf	11,2
   619                           
   620                           ;config.c: 46: INTF = 0;
   621  003D  108B               	bcf	11,1
   622                           
   623                           ;config.c: 47: RBIF = 0;
   624  003E  100B               	bcf	11,0
   625                           
   626                           ;config.c: 49: INTEDG = 1;
   627  003F  1701               	bsf	1,6
   628  0040  0008               	return
   629  0041                     __end_of_configInterrupts:	
   630  0041                     __ptext269:	
   631 ;; =============== function _configADC ends ============
   632                           
   633                           
   634 ;; *************** function _configTimers *****************
   635 ;; Defined at:
   636 ;;		line 62 in file "../config.c"
   637 ;; Parameters:    Size  Location     Type
   638 ;;		None
   639 ;; Auto vars:     Size  Location     Type
   640 ;;		None
   641 ;; Return value:  Size  Location     Type
   642 ;;		None               void
   643 ;; Registers used:
   644 ;;		wreg, status,2
   645 ;; Tracked objects:
   646 ;;		On entry : 17F/20
   647 ;;		On exit  : 17F/0
   648 ;;		Unchanged: FFE80/0
   649 ;; Data sizes:     COMMON   BANK0   BANK1   BANK3   BANK2
   650 ;;      Params:         0       0       0       0       0
   651 ;;      Locals:         0       0       0       0       0
   652 ;;      Temps:          0       0       0       0       0
   653 ;;      Totals:         0       0       0       0       0
   654 ;;Total ram usage:        0 bytes
   655 ;; Hardware stack levels used:    1
   656 ;; Hardware stack levels required when called:    1
   657 ;; This function calls:
   658 ;;		Nothing
   659 ;; This function is called by:
   660 ;;		_configDevice
   661 ;; This function uses a non-reentrant model
   662 ;;
   663  0041                     _configTimers:	
   664  0041  3005               	movlw	5
   665                           
   666                           ;config.c: 65: T0CS = 0;
   667                           
   668                           ; Regs used in _configTimers: [wreg+status,2]
   669  0042  1281               	bcf	1,5
   670                           
   671                           ;config.c: 66: T0SE = 1;
   672  0043  1601               	bsf	1,4
   673                           
   674                           ;config.c: 67: PSA = 0;
   675  0044  1181               	bcf	1,3
   676                           
   677                           ;config.c: 68: PS2 = 0;
   678  0045  1101               	bcf	1,2
   679                           
   680                           ;config.c: 69: PS1 = 0;
   681  0046  1081               	bcf	1,1
   682                           
   683                           ;config.c: 70: PS0 = 1;
   684  0047  1401               	bsf	1,0
   685                           
   686                           ;config.c: 71: TMR0 = 5;
   687  0048  1283               	bcf	3,5	;RP0=0, select bank0
   688  0049  0081               	movwf	1	;volatile
   689                           
   690                           ;config.c: 74: T1CKPS1 = 1;
   691  004A  1690               	bsf	16,5
   692                           
   693                           ;config.c: 75: T1CKPS0 = 1;
   694  004B  1610               	bsf	16,4
   695                           
   696                           ;config.c: 76: T1OSCEN = 0;
   697  004C  1190               	bcf	16,3
   698                           
   699                           ;config.c: 77: nT1SYNC = 1;
   700  004D  1510               	bsf	16,2
   701                           
   702                           ;config.c: 78: TMR1CS = 0;
   703  004E  1090               	bcf	16,1
   704                           
   705                           ;config.c: 79: TMR1IE = 0;
   706  004F  1683               	bsf	3,5	;RP0=1, select bank1
   707  0050  100C               	bcf	12,0
   708                           
   709                           ;config.c: 80: TMR1ON = 0;
   710  0051  1283               	bcf	3,5	;RP0=0, select bank0
   711  0052  1010               	bcf	16,0
   712                           
   713                           ;config.c: 81: TMR1L = 0x00;
   714  0053  018E               	clrf	14	;volatile
   715                           
   716                           ;config.c: 82: TMR1H = 0x00;
   717  0054  018F               	clrf	15	;volatile
   718                           
   719                           ;config.c: 85: TMR2IE = 0;
   720  0055  1683               	bsf	3,5	;RP0=1, select bank1
   721  0056  108C               	bcf	12,1
   722                           
   723                           ;config.c: 86: TOUTPS3 = 0;
   724  0057  1283               	bcf	3,5	;RP0=0, select bank0
   725  0058  1312               	bcf	18,6
   726                           
   727                           ;config.c: 87: TOUTPS2 = 0;
   728  0059  1292               	bcf	18,5
   729                           
   730                           ;config.c: 88: TOUTPS1 = 0;
   731  005A  1212               	bcf	18,4
   732                           
   733                           ;config.c: 89: TOUTPS0 = 1;
   734  005B  1592               	bsf	18,3
   735                           
   736                           ;config.c: 90: TMR2ON = 0;
   737  005C  1112               	bcf	18,2
   738                           
   739                           ;config.c: 91: T2CKPS1 = 1;
   740  005D  1492               	bsf	18,1
   741                           
   742                           ;config.c: 92: T2CKPS0 = 1;
   743  005E  1412               	bsf	18,0
   744                           
   745                           ;config.c: 93: TMR2 = 0;
   746  005F  0191               	clrf	17	;volatile
   747  0060  0008               	return
   748  0061                     __end_of_configTimers:	
   749  0061                     __ptext268:	
   750 ;; =============== function _configCCP ends ============
   751                           
   752                           
   753 ;; *************** function _configADC *****************
   754 ;; Defined at:
   755 ;;		line 110 in file "../config.c"
   756 ;; Parameters:    Size  Location     Type
   757 ;;		None
   758 ;; Auto vars:     Size  Location     Type
   759 ;;		None
   760 ;; Return value:  Size  Location     Type
   761 ;;		None               void
   762 ;; Registers used:
   763 ;;		wreg
   764 ;; Tracked objects:
   765 ;;		On entry : 17F/0
   766 ;;		On exit  : 17F/0
   767 ;;		Unchanged: FFE80/0
   768 ;; Data sizes:     COMMON   BANK0   BANK1   BANK3   BANK2
   769 ;;      Params:         0       0       0       0       0
   770 ;;      Locals:         0       0       0       0       0
   771 ;;      Temps:          0       0       0       0       0
   772 ;;      Totals:         0       0       0       0       0
   773 ;;Total ram usage:        0 bytes
   774 ;; Hardware stack levels used:    1
   775 ;; Hardware stack levels required when called:    1
   776 ;; This function calls:
   777 ;;		Nothing
   778 ;; This function is called by:
   779 ;;		_configDevice
   780 ;; This function uses a non-reentrant model
   781 ;;
   782  0061                     _configADC:	
   783                           
   784                           ;config.c: 113: ADCON0 = 0b10000000;
   785                           
   786                           ; Regs used in _configADC: [wreg]
   787  0061  3080               	movlw	128
   788  0062  009F               	movwf	31	;volatile
   789                           
   790                           ;config.c: 114: ADCON1 = 0b10000000;
   791  0063  1683               	bsf	3,5	;RP0=1, select bank1
   792  0064  009F               	movwf	31	;volatile
   793                           
   794                           ;config.c: 116: VCFG1 = 0;
   795  0065  129F               	bcf	31,5
   796                           
   797                           ;config.c: 117: VCFG0 = 0;
   798  0066  121F               	bcf	31,4
   799                           
   800                           ;config.c: 119: CHS0 = 0;
   801  0067  1283               	bcf	3,5	;RP0=0, select bank0
   802  0068  111F               	bcf	31,2
   803                           
   804                           ;config.c: 120: CHS1 = 0;
   805  0069  119F               	bcf	31,3
   806                           
   807                           ;config.c: 121: CHS2 = 0;
   808  006A  121F               	bcf	31,4
   809                           
   810                           ;config.c: 122: CHS3 = 0;
   811  006B  129F               	bcf	31,5
   812  006C  0008               	return
   813  006D                     __end_of_configADC:	
   814  006D                     __ptext267:	
   815 ;; =============== function _configComparadores ends ============
   816                           
   817                           
   818 ;; *************** function _configCCP *****************
   819 ;; Defined at:
   820 ;;		line 53 in file "../config.c"
   821 ;; Parameters:    Size  Location     Type
   822 ;;		None
   823 ;; Auto vars:     Size  Location     Type
   824 ;;		None
   825 ;; Return value:  Size  Location     Type
   826 ;;		None               void
   827 ;; Registers used:
   828 ;;		status,2
   829 ;; Tracked objects:
   830 ;;		On entry : 17F/0
   831 ;;		On exit  : 17F/0
   832 ;;		Unchanged: FFE80/0
   833 ;; Data sizes:     COMMON   BANK0   BANK1   BANK3   BANK2
   834 ;;      Params:         0       0       0       0       0
   835 ;;      Locals:         0       0       0       0       0
   836 ;;      Temps:          0       0       0       0       0
   837 ;;      Totals:         0       0       0       0       0
   838 ;;Total ram usage:        0 bytes
   839 ;; Hardware stack levels used:    1
   840 ;; Hardware stack levels required when called:    1
   841 ;; This function calls:
   842 ;;		Nothing
   843 ;; This function is called by:
   844 ;;		_configDevice
   845 ;; This function uses a non-reentrant model
   846 ;;
   847  006D                     _configCCP:	
   848                           
   849                           ;config.c: 55: CCP1IE = 0;
   850                           
   851                           ; Regs used in _configCCP: [status,2]
   852  006D  1683               	bsf	3,5	;RP0=1, select bank1
   853  006E  110C               	bcf	12,2
   854                           
   855                           ;config.c: 56: CCP2IE = 0;
   856  006F  100D               	bcf	13,0
   857                           
   858                           ;config.c: 57: CCP1CON = 0x00;
   859  0070  1283               	bcf	3,5	;RP0=0, select bank0
   860  0071  0197               	clrf	23	;volatile
   861                           
   862                           ;config.c: 58: CCP2CON = 0x00;
   863  0072  019D               	clrf	29	;volatile
   864  0073  0008               	return
   865  0074                     __end_of_configCCP:	
   866  0074                     __ptext266:	
   867 ;; =============== function _configOscilador ends ============
   868                           
   869                           
   870 ;; *************** function _configComparadores *****************
   871 ;; Defined at:
   872 ;;		line 97 in file "../config.c"
   873 ;; Parameters:    Size  Location     Type
   874 ;;		None
   875 ;; Auto vars:     Size  Location     Type
   876 ;;		None
   877 ;; Return value:  Size  Location     Type
   878 ;;		None               void
   879 ;; Registers used:
   880 ;;		status,2
   881 ;; Tracked objects:
   882 ;;		On entry : 17F/0
   883 ;;		On exit  : 17F/40
   884 ;;		Unchanged: FFE80/0
   885 ;; Data sizes:     COMMON   BANK0   BANK1   BANK3   BANK2
   886 ;;      Params:         0       0       0       0       0
   887 ;;      Locals:         0       0       0       0       0
   888 ;;      Temps:          0       0       0       0       0
   889 ;;      Totals:         0       0       0       0       0
   890 ;;Total ram usage:        0 bytes
   891 ;; Hardware stack levels used:    1
   892 ;; Hardware stack levels required when called:    1
   893 ;; This function calls:
   894 ;;		Nothing
   895 ;; This function is called by:
   896 ;;		_configDevice
   897 ;; This function uses a non-reentrant model
   898 ;;
   899  0074                     _configComparadores:	
   900                           
   901                           ;config.c: 100: CM1CON0 = 0x00;
   902                           
   903                           ; Regs used in _configComparadores: [status,2]
   904  0074  1703               	bsf	3,6	;RP1=1, select bank2
   905  0075  0187               	clrf	7	;volatile
   906                           
   907                           ;config.c: 101: CM2CON0 = 0x00;
   908  0076  0188               	clrf	8	;volatile
   909  0077  0008               	return
   910  0078                     __end_of_configComparadores:	
   911  0078                     __ptext265:	
   912 ;; =============== function _controlTiempos ends ============
   913                           
   914                           
   915 ;; *************** function _configOscilador *****************
   916 ;; Defined at:
   917 ;;		line 105 in file "../config.c"
   918 ;; Parameters:    Size  Location     Type
   919 ;;		None
   920 ;; Auto vars:     Size  Location     Type
   921 ;;		None
   922 ;; Return value:  Size  Location     Type
   923 ;;		None               void
   924 ;; Registers used:
   925 ;;		wreg
   926 ;; Tracked objects:
   927 ;;		On entry : 17F/40
   928 ;;		On exit  : 17F/20
   929 ;;		Unchanged: FFE80/0
   930 ;; Data sizes:     COMMON   BANK0   BANK1   BANK3   BANK2
   931 ;;      Params:         0       0       0       0       0
   932 ;;      Locals:         0       0       0       0       0
   933 ;;      Temps:          0       0       0       0       0
   934 ;;      Totals:         0       0       0       0       0
   935 ;;Total ram usage:        0 bytes
   936 ;; Hardware stack levels used:    1
   937 ;; Hardware stack levels required when called:    1
   938 ;; This function calls:
   939 ;;		Nothing
   940 ;; This function is called by:
   941 ;;		_configDevice
   942 ;; This function uses a non-reentrant model
   943 ;;
   944  0078                     _configOscilador:	
   945  0078                     l4508:	
   946                           ; Regs used in _configOscilador: [wreg]
   947                           
   948                           
   949                           ;config.c: 106: OSCCON = 0b01110000;
   950  0078  3070               	movlw	112
   951  0079  1683               	bsf	3,5	;RP0=1, select bank1
   952  007A  1303               	bcf	3,6	;RP1=0, select bank1
   953  007B  008F               	movwf	15	;volatile
   954  007C  0008               	return
   955  007D                     __end_of_configOscilador:	
   956                           
   957                           	psect	text263
   958  007D                     __ptext263:	
   959 ;; =============== function _configDevice ends ============
   960                           
   961                           
   962 ;; *************** function _leerEntradasB *****************
   963 ;; Defined at:
   964 ;;		line 27 in file "../funciones.c"
   965 ;; Parameters:    Size  Location     Type
   966 ;;  this            1    wreg     PTR struct .
   967 ;;		 -> controlCPU(10), 
   968 ;; Auto vars:     Size  Location     Type
   969 ;;  this            1    4[COMMON] PTR struct .
   970 ;;		 -> controlCPU(10), 
   971 ;;  auxiliarLect    1    3[COMMON] unsigned char 
   972 ;;  diferencia      1    2[COMMON] unsigned char 
   973 ;; Return value:  Size  Location     Type
   974 ;;		None               void
   975 ;; Registers used:
   976 ;;		wreg, fsr0l, fsr0h, status,2, status,0
   977 ;; Tracked objects:
   978 ;;		On entry : 17F/0
   979 ;;		On exit  : 17F/0
   980 ;;		Unchanged: FFE80/0
   981 ;; Data sizes:     COMMON   BANK0   BANK1   BANK3   BANK2
   982 ;;      Params:         0       0       0       0       0
   983 ;;      Locals:         3       0       0       0       0
   984 ;;      Temps:          0       0       0       0       0
   985 ;;      Totals:         3       0       0       0       0
   986 ;;Total ram usage:        3 bytes
   987 ;; Hardware stack levels used:    1
   988 ;; Hardware stack levels required when called:    1
   989 ;; This function calls:
   990 ;;		Nothing
   991 ;; This function is called by:
   992 ;;		_main
   993 ;; This function uses a non-reentrant model
   994 ;;
   995  007D                     _leerEntradasB:	
   996                           
   997                           ; Regs used in _leerEntradasB: [wreg-fsr0h+status,2+status,0]
   998                           ;leerEntradasB@this stored from wreg
   999  007D  00F4               	movwf	leerEntradasB@this
  1000                           
  1001                           ;funciones.c: 28: uint8_t auxiliarLectura;
  1002                           ;funciones.c: 29: uint8_t diferencia;
  1003                           ;funciones.c: 31: if (!this->systemFlags.primeraLecturaB)
  1004  007E  3E01               	addlw	1
  1005  007F  0084               	movwf	4
  1006  0080  1900               	btfsc	0,2
  1007  0081  2890               	goto	l4532
  1008                           
  1009                           ;funciones.c: 32: {
  1010                           ;funciones.c: 33: this->systemFlags.primeraLecturaB = 1;
  1011  0082  0874               	movf	leerEntradasB@this,w
  1012  0083  3E01               	addlw	1
  1013  0084  0084               	movwf	4
  1014  0085  1500               	bsf	0,2
  1015                           
  1016                           ;funciones.c: 34: this->entradaB.entradas = PORTB & 0X0F;
  1017  0086  0874               	movf	leerEntradasB@this,w
  1018  0087  3E06               	addlw	6
  1019  0088  0084               	movwf	4
  1020  0089  0806               	movf	6,w
  1021  008A  0080               	movwf	0
  1022  008B  0874               	movf	leerEntradasB@this,w
  1023  008C  3E06               	addlw	6
  1024  008D  0084               	movwf	4
  1025  008E  300F               	movlw	15
  1026  008F  0580               	andwf	0,f
  1027  0090                     l4532:	
  1028                           
  1029                           ;funciones.c: 35: }
  1030                           ;funciones.c: 37: auxiliarLectura = PORTB & 0X0F;
  1031  0090  0806               	movf	6,w
  1032  0091  00F3               	movwf	leerEntradasB@auxiliarLectura
  1033  0092  300F               	movlw	15
  1034  0093  05F3               	andwf	leerEntradasB@auxiliarLectura,f
  1035                           
  1036                           ;funciones.c: 38: diferencia = this->entradaB.entradas - auxiliarLectura;
  1037  0094  0874               	movf	leerEntradasB@this,w
  1038  0095  3E06               	addlw	6
  1039  0096  0084               	movwf	4
  1040  0097  0873               	movf	leerEntradasB@auxiliarLectura,w
  1041  0098  0200               	subwf	0,w
  1042  0099  00F2               	movwf	leerEntradasB@diferencia
  1043                           
  1044                           ;funciones.c: 40: if (diferencia == 0)
  1045  009A  08F2               	movf	leerEntradasB@diferencia,f
  1046  009B  1D03               	skipz
  1047  009C  28B7               	goto	l4550
  1048                           
  1049                           ;funciones.c: 41: {
  1050                           ;funciones.c: 42: this->contador.antirebote++;
  1051  009D  0874               	movf	leerEntradasB@this,w
  1052  009E  3E08               	addlw	8
  1053  009F  0084               	movwf	4
  1054  00A0  0A80               	incf	0,f
  1055                           
  1056                           ;funciones.c: 43: if (this->contador.antirebote == 30)
  1057  00A1  0874               	movf	leerEntradasB@this,w
  1058  00A2  3E08               	addlw	8
  1059  00A3  0084               	movwf	4
  1060  00A4  0800               	movf	0,w
  1061  00A5  3A1E               	xorlw	30
  1062  00A6  1D03               	skipz
  1063  00A7  0008               	return
  1064                           
  1065                           ;funciones.c: 44: {
  1066                           ;funciones.c: 45: this->contador.antirebote = 0;
  1067  00A8  0874               	movf	leerEntradasB@this,w
  1068  00A9  3E08               	addlw	8
  1069  00AA  0084               	movwf	4
  1070  00AB  0180               	clrf	0
  1071                           
  1072                           ;funciones.c: 46: this->entradaB.entradas = auxiliarLectura;
  1073  00AC  0874               	movf	leerEntradasB@this,w
  1074  00AD  3E06               	addlw	6
  1075  00AE  0084               	movwf	4
  1076  00AF  0873               	movf	leerEntradasB@auxiliarLectura,w
  1077  00B0  0080               	movwf	0
  1078                           
  1079                           ;funciones.c: 50: else
  1080                           ;funciones.c: 51: this->auxEntradaB.entradas = auxiliarLectura;
  1081                           
  1082                           ;funciones.c: 48: if (0)
  1083  00B1  0874               	movf	leerEntradasB@this,w
  1084  00B2  3E07               	addlw	7
  1085  00B3  0084               	movwf	4
  1086  00B4  0873               	movf	leerEntradasB@auxiliarLectura,w
  1087  00B5  0080               	movwf	0
  1088  00B6  0008               	return
  1089  00B7                     l4550:	
  1090                           
  1091                           ;funciones.c: 57: diferencia = 0;
  1092  00B7  01F2               	clrf	leerEntradasB@diferencia
  1093                           
  1094                           ;funciones.c: 58: this->systemFlags.primeraLecturaB = 0;
  1095  00B8  0874               	movf	leerEntradasB@this,w
  1096  00B9  3E01               	addlw	1
  1097  00BA  0084               	movwf	4
  1098  00BB  1100               	bcf	0,2
  1099  00BC  0008               	return
  1100  00BD                     __end_of_leerEntradasB:	
  1101                           
  1102                           	psect	text264
  1103  00BD                     __ptext264:	
  1104 ;; =============== function _leerEntradasB ends ============
  1105                           
  1106                           
  1107 ;; *************** function _controlTiempos *****************
  1108 ;; Defined at:
  1109 ;;		line 4 in file "../funciones.c"
  1110 ;; Parameters:    Size  Location     Type
  1111 ;;  this            1    wreg     PTR struct .
  1112 ;;		 -> controlCPU(10), 
  1113 ;; Auto vars:     Size  Location     Type
  1114 ;;  this            1    2[COMMON] PTR struct .
  1115 ;;		 -> controlCPU(10), 
  1116 ;; Return value:  Size  Location     Type
  1117 ;;		None               void
  1118 ;; Registers used:
  1119 ;;		wreg, fsr0l, fsr0h, status,2, status,0
  1120 ;; Tracked objects:
  1121 ;;		On entry : 17F/0
  1122 ;;		On exit  : 17F/0
  1123 ;;		Unchanged: FFE80/0
  1124 ;; Data sizes:     COMMON   BANK0   BANK1   BANK3   BANK2
  1125 ;;      Params:         0       0       0       0       0
  1126 ;;      Locals:         1       0       0       0       0
  1127 ;;      Temps:          0       0       0       0       0
  1128 ;;      Totals:         1       0       0       0       0
  1129 ;;Total ram usage:        1 bytes
  1130 ;; Hardware stack levels used:    1
  1131 ;; Hardware stack levels required when called:    1
  1132 ;; This function calls:
  1133 ;;		Nothing
  1134 ;; This function is called by:
  1135 ;;		_main
  1136 ;; This function uses a non-reentrant model
  1137 ;;
  1138  00BD                     _controlTiempos:	
  1139                           
  1140                           ; Regs used in _controlTiempos: [wreg-fsr0h+status,2+status,0]
  1141                           ;controlTiempos@this stored from wreg
  1142  00BD  00F2               	movwf	controlTiempos@this
  1143                           
  1144                           ;funciones.c: 5: this->systemFlags.inteTimer0 = 0;
  1145  00BE  3E01               	addlw	1
  1146  00BF  0084               	movwf	4
  1147  00C0  1000               	bcf	0,0
  1148                           
  1149                           ;funciones.c: 7: this->tiempos.t500useg++;
  1150  00C1  0872               	movf	controlTiempos@this,w
  1151  00C2  3E02               	addlw	2
  1152  00C3  0084               	movwf	4
  1153  00C4  0A80               	incf	0,f
  1154                           
  1155                           ;funciones.c: 9: if (this->tiempos.t500useg == 20)
  1156  00C5  0872               	movf	controlTiempos@this,w
  1157  00C6  3E02               	addlw	2
  1158  00C7  0084               	movwf	4
  1159  00C8  0800               	movf	0,w
  1160  00C9  3A14               	xorlw	20
  1161  00CA  1D03               	skipz
  1162  00CB  0008               	return
  1163                           
  1164                           ;funciones.c: 10: {
  1165                           ;funciones.c: 11: this->tiempos.t500useg = 0;
  1166  00CC  0872               	movf	controlTiempos@this,w
  1167  00CD  3E02               	addlw	2
  1168  00CE  0084               	movwf	4
  1169  00CF  0180               	clrf	0
  1170                           
  1171                           ;funciones.c: 13: this->systemFlags.leerEntradas = 1;
  1172  00D0  0872               	movf	controlTiempos@this,w
  1173  00D1  3E01               	addlw	1
  1174  00D2  0084               	movwf	4
  1175  00D3  1480               	bsf	0,1
  1176                           
  1177                           ;funciones.c: 15: this->tiempos.t100mseg++;
  1178  00D4  0872               	movf	controlTiempos@this,w
  1179  00D5  3E03               	addlw	3
  1180  00D6  0084               	movwf	4
  1181  00D7  0A80               	incf	0,f
  1182                           
  1183                           ;funciones.c: 18: if (this->tiempos.t100mseg == 10)
  1184  00D8  0872               	movf	controlTiempos@this,w
  1185  00D9  3E03               	addlw	3
  1186  00DA  0084               	movwf	4
  1187  00DB  0800               	movf	0,w
  1188  00DC  3A0A               	xorlw	10
  1189  00DD  1D03               	skipz
  1190  00DE  0008               	return
  1191                           
  1192                           ;funciones.c: 19: {
  1193                           ;funciones.c: 20: this->tiempos.t100mseg = 0;
  1194  00DF  0872               	movf	controlTiempos@this,w
  1195  00E0  3E03               	addlw	3
  1196  00E1  0084               	movwf	4
  1197  00E2  0180               	clrf	0
  1198  00E3  0008               	return
  1199  00E4                     __end_of_controlTiempos:	
  1200                           
  1201                           	psect	text272
  1202  00FC                     __ptext272:	
  1203 ;; =============== function _configPorts ends ============
  1204                           
  1205                           
  1206 ;; *************** function _interrupciones *****************
  1207 ;; Defined at:
  1208 ;;		line 20 in file "../main.c"
  1209 ;; Parameters:    Size  Location     Type
  1210 ;;		None
  1211 ;; Auto vars:     Size  Location     Type
  1212 ;;		None
  1213 ;; Return value:  Size  Location     Type
  1214 ;;		None               void
  1215 ;; Registers used:
  1216 ;;		wreg
  1217 ;; Tracked objects:
  1218 ;;		On entry : 0/0
  1219 ;;		On exit  : 0/0
  1220 ;;		Unchanged: FFF9F/0
  1221 ;; Data sizes:     COMMON   BANK0   BANK1   BANK3   BANK2
  1222 ;;      Params:         0       0       0       0       0
  1223 ;;      Locals:         0       0       0       0       0
  1224 ;;      Temps:          2       0       0       0       0
  1225 ;;      Totals:         2       0       0       0       0
  1226 ;;Total ram usage:        2 bytes
  1227 ;; Hardware stack levels used:    1
  1228 ;; This function calls:
  1229 ;;		Nothing
  1230 ;; This function is called by:
  1231 ;;		Interrupt level 1
  1232 ;; This function uses a non-reentrant model
  1233 ;;
  1234  00FC                     _interrupciones:	
  1235                           
  1236                           ;main.c: 21: if (TMR0IE && TMR0IF)
  1237  00FC  1A8B               	btfsc	11,5
  1238  00FD  1D0B               	btfss	11,2
  1239  00FE  2905               	goto	i1l2957
  1240                           
  1241                           ;main.c: 22: {
  1242                           ;main.c: 23: TMR0IF = 0;
  1243  00FF  110B               	bcf	11,2
  1244                           
  1245                           ;main.c: 24: controlCPU.systemFlags.inteTimer0 = 1;
  1246  0100  1283               	bcf	3,5	;RP0=0, select bank0
  1247  0101  1303               	bcf	3,6	;RP1=0, select bank0
  1248  0102  3005               	movlw	5
  1249  0103  1421               	bsf	_controlCPU+1,0
  1250                           
  1251                           ;main.c: 25: TMR0 = 5;
  1252  0104  0081               	movwf	1	;volatile
  1253  0105                     i1l2957:	
  1254  0105  0871               	movf	??_interrupciones+1,w
  1255  0106  008A               	movwf	10
  1256  0107  0E70               	swapf	??_interrupciones^(0+-128),w
  1257  0108  0083               	movwf	3
  1258  0109  0EFE               	swapf	126,f
  1259  010A  0E7E               	swapf	126,w
  1260  010B  0009               	retfie
  1261  010C                     __end_of_interrupciones:	
  1262                           
  1263                           	psect	intentry
  1264  0004                     __pintentry:	
  1265                           ; Regs used in _interrupciones: [wreg]
  1266                           
  1267  0004                     interrupt_function:	
  1268  007E                     saved_w	set	btemp
  1269  0004  00FE               	movwf	btemp
  1270  0005  0E03               	swapf	3,w
  1271  0006  00F0               	movwf	??_interrupciones
  1272  0007  080A               	movf	10,w
  1273  0008  00F1               	movwf	??_interrupciones+1
  1274  0009  120A  118A  28FC   	ljmp	_interrupciones
  1275                           
  1276                           	psect	text273
  1277  0000                     __ptext273:	
  1278 ;; =============== function _interrupciones ends ============
  1279                           
  1280  007E                     btemp	set	126	;btemp
  1281  007E                     wtemp0	set	126


HI-TECH Software PICC Macro Assembler V9.83 build 10920 
Symbol Table                                                                                   Thu Dec 23 09:18:57 2021

     __size_of_controlTiempos 0027        __end_of_interrupciones 010C                           l981 0000  
                         l991 0000                           l985 0000                           l994 0000  
                         _GIE 005F                           l988 0000                           l997 0000  
                         _PS0 0408                           _PS1 0409                           _PS2 040A  
                         _PSA 040B                           fsr0 0004                           indf 0000  
               _leerEntradasB 007D                          l1000 0000                          l1003 0000  
                        l4500 0000                          l4502 0000                          l4510 0000  
                        l4440 0000                          l4432 0000                          l4504 0000  
                        l4520 0000                          l4512 0000                          l4442 0000  
                        l4434 0000                          l4450 0000                          l4506 0000  
                        l4522 0000                          l4514 0000                          l4530 0000  
                        l4444 0000                          l4436 0000                          l4460 0000  
                        l4452 0000                          l4508 0078                          l4540 0000  
                        l4532 0090                          l4446 0000                          l4470 0000  
                        l4462 0000                          l4454 0000                          l4518 0000  
                        l4550 00B7                          l4534 0000                          l4526 0000  
                        l4480 0000                          l4472 0000                          l4464 0000  
                        l4456 0000                          l4448 0000                          l4552 0000  
                        l4544 0000                          l4536 0000                          l4482 0000  
                        l4474 0000                          l4466 0000                          l4458 0000  
                        l4490 0000                          l4570 0000                          l4562 0000  
                        l4484 0000                          l4476 0000                          l4468 0000  
                        l4492 0000                          l4548 0000                          l4572 0000  
                        l4564 0000                ??_configDevice 0072                          l4486 0000  
                        l4478 0000                          l4494 0000                          l4574 0000  
                        l4566 0000                          l4582 00F2                          l4496 0000  
                        l4488 0000                          l4568 0000                          l4576 0000  
                        l4498 0000                          l4586 0000                          l4578 00E9  
                        _CHS0 00FA                          _CHS1 00FB                          _CHS2 00FC  
                        _CHS3 00FD                          _T0IE 005D                          _T0IF 005A  
                        _T0CS 040D                          _T0SE 040C                          _PEIE 005E  
                        _INTE 005C                          _INTF 0059                          _RBIE 005B  
                        _RBIF 0058                          _TMR0 0001                          _TMR2 0011  
                        _WPUB 0095                ??_configTimers 0072                          _main 00E4  
                        btemp 007E                          start 000C     __size_of_configInterrupts 000A  
             ?_interrupciones 0070                         ?_main 0070                         _ANSEL 0188  
                       _VCFG0 04FC                         _VCFG1 04FD                         _TMR1H 000F  
                       _TMR1L 000E                         _PORTA 0005                         _PORTB 0006  
                       _PORTC 0007                         _TRISA 0085                         _TRISB 0086  
                       _TRISC 0087                ?_leerEntradasB 0070                         _nRBPU 040F  
                       pclath 000A                         status 0003                         wtemp0 007E  
                __end_of_main 00FC            controlTiempos@this 0072                        ??_main 0075  
                      _ADCON0 001F                        _ADCON1 009F                        _CCP1IE 0462  
                      _CCP2IE 0468                        _ANSELH 0189                        i1l4560 0000  
                      i1l4554 0000                        i1l2957 0105                        _INTEDG 040E  
                      _OSCCON 008F                        _TMR0IE 005D                        _TMR0IF 005A  
                      _TMR1IE 0460                        _TMR1CS 0081                        _TMR2IE 0461  
                      _TMR1ON 0080                        _TMR2ON 0092   __size_of_configComparadores 0004  
              _controlTiempos 00BD          __size_of_configPorts 0015          __end_of_configDevice 0022  
             ??_leerEntradasB 0072          __end_of_configTimers 0061                        saved_w 007E  
    __size_of_configOscilador 0005        __end_of_controlTiempos 00E4              _configInterrupts 0037  
              __pcstackCOMMON 0070            __size_of_configADC 000C            __size_of_configCCP 0007  
                  __pbssBANK0 0020             leerEntradasB@this 0074               ?_controlTiempos 0070  
                  __pmaintext 00E4              ??_interrupciones 0070                    __pintentry 0004  
                     _CM1CON0 0107                       _CM2CON0 0108                       _CCP1CON 0017  
                     _CCP2CON 001D                       _T1CKPS0 0084                       _T1CKPS1 0085  
                     _T2CKPS0 0090                       _T2CKPS1 0091                       _T1OSCEN 0083  
                     _TOUTPS0 0093                       _TOUTPS1 0094                       _TOUTPS2 0095  
                     _TOUTPS3 0096                    _controlCPU 0020                       _nT1SYNC 0082  
       __size_of_configDevice 0013             __end_of_configADC 006D             __end_of_configCCP 0074  
           ??_configOscilador 0072         __size_of_configTimers 0020          end_of_initialization 0116  
                _configDevice 000F                  _configTimers 0041      __end_of_configInterrupts 0041  
  __end_of_configComparadores 0078                 ??_configPorts 0072         __end_of_leerEntradasB 00BD  
         start_initialization 010C              ??_controlTiempos 0072           __end_of_configPorts 0037  
             _configOscilador 0078                     __ptext261 0000                     __ptext270 0037  
                   __ptext262 000F                     __ptext271 0022                     __ptext263 007D  
                   __ptext272 00FC                     __ptext264 00BD                     __ptext273 0000  
                   __ptext265 0078                     __ptext266 0074                     __ptext267 006D  
                   __ptext268 0061                     __ptext269 0041                     _configADC 0061  
                   _configCCP 006D             interrupt_function 0004                   _configPorts 0022  
                  ?_configADC 0070                    ?_configCCP 0070       __size_of_interrupciones 0010  
     __end_of_configOscilador 007D             ?_configInterrupts 0070            ??_configInterrupts 0072  
          _configComparadores 0074           ?_configComparadores 0070  leerEntradasB@auxiliarLectura 0073  
               __size_of_main 0018          ??_configComparadores 0072                   ??_configADC 0072  
                 ??_configCCP 0072              ?_configOscilador 0070                      intlevel1 0000  
      __size_of_leerEntradasB 0040       leerEntradasB@diferencia 0072                _interrupciones 00FC  
               ?_configDevice 0070                 ?_configTimers 0070                  ?_configPorts 0070  
